<?xml version="1.0" encoding="UTF-8"?>
<testsuite xmlns:xsi="http://www.w3.org/2001/XMLSchema-instance" xsi:noNamespaceSchemaLocation="https://maven.apache.org/surefire/maven-surefire-plugin/xsd/surefire-test-report.xsd" version="3.0.2" name="com.example.company.asyncawaitjava.task.TaskManagerTest" time="12.64" tests="9" errors="0" skipped="0" failures="0">
  <properties>
    <property name="java.specification.version" value="24"/>
    <property name="sun.cpu.isalist" value="amd64"/>
    <property name="sun.jnu.encoding" value="Cp1252"/>
    <property name="java.class.path" value="C:\Users\guill\OneDrive\Documentos\NetBeansProjects\asyncawaitjava\target\test-classes;C:\Users\guill\OneDrive\Documentos\NetBeansProjects\asyncawaitjava\target\classes;C:\Users\guill\.m2\repository\org\javassist\javassist\3.30.2-GA\javassist-3.30.2-GA.jar;C:\Users\guill\.m2\repository\com\squareup\javapoet\1.13.0\javapoet-1.13.0.jar;C:\Users\guill\.m2\repository\javax\annotation\javax.annotation-api\1.3.2\javax.annotation-api-1.3.2.jar;C:\Users\guill\.m2\repository\org\junit\jupiter\junit-jupiter-api\5.10.2\junit-jupiter-api-5.10.2.jar;C:\Users\guill\.m2\repository\org\opentest4j\opentest4j\1.3.0\opentest4j-1.3.0.jar;C:\Users\guill\.m2\repository\org\junit\platform\junit-platform-commons\1.10.2\junit-platform-commons-1.10.2.jar;C:\Users\guill\.m2\repository\org\apiguardian\apiguardian-api\1.1.2\apiguardian-api-1.1.2.jar;C:\Users\guill\.m2\repository\org\junit\jupiter\junit-jupiter-engine\5.10.2\junit-jupiter-engine-5.10.2.jar;C:\Users\guill\.m2\repository\org\junit\platform\junit-platform-engine\1.10.2\junit-platform-engine-1.10.2.jar;"/>
    <property name="java.vm.vendor" value="Oracle Corporation"/>
    <property name="sun.arch.data.model" value="64"/>
    <property name="user.variant" value=""/>
    <property name="java.vendor.url" value="https://java.oracle.com/"/>
    <property name="user.timezone" value="Europe/Madrid"/>
    <property name="os.name" value="Windows 11"/>
    <property name="java.vm.specification.version" value="24"/>
    <property name="user.country" value="ES"/>
    <property name="sun.java.launcher" value="SUN_STANDARD"/>
    <property name="sun.boot.library.path" value="C:\Program Files\Java\jdk-24\bin"/>
    <property name="sun.java.command" value="C:\Users\guill\AppData\Local\Temp\surefire8100871619449188133\surefirebooter-20250604214712191_3.jar C:\Users\guill\AppData\Local\Temp\surefire8100871619449188133 2025-06-04T21-47-11_996-jvmRun1 surefire-20250604214712191_1tmp surefire_0-20250604214712191_2tmp"/>
    <property name="jdk.debug" value="release"/>
    <property name="test" value="com.example.company.asyncawaitjava.task.TaskManagerTest"/>
    <property name="surefire.test.class.path" value="C:\Users\guill\OneDrive\Documentos\NetBeansProjects\asyncawaitjava\target\test-classes;C:\Users\guill\OneDrive\Documentos\NetBeansProjects\asyncawaitjava\target\classes;C:\Users\guill\.m2\repository\org\javassist\javassist\3.30.2-GA\javassist-3.30.2-GA.jar;C:\Users\guill\.m2\repository\com\squareup\javapoet\1.13.0\javapoet-1.13.0.jar;C:\Users\guill\.m2\repository\javax\annotation\javax.annotation-api\1.3.2\javax.annotation-api-1.3.2.jar;C:\Users\guill\.m2\repository\org\junit\jupiter\junit-jupiter-api\5.10.2\junit-jupiter-api-5.10.2.jar;C:\Users\guill\.m2\repository\org\opentest4j\opentest4j\1.3.0\opentest4j-1.3.0.jar;C:\Users\guill\.m2\repository\org\junit\platform\junit-platform-commons\1.10.2\junit-platform-commons-1.10.2.jar;C:\Users\guill\.m2\repository\org\apiguardian\apiguardian-api\1.1.2\apiguardian-api-1.1.2.jar;C:\Users\guill\.m2\repository\org\junit\jupiter\junit-jupiter-engine\5.10.2\junit-jupiter-engine-5.10.2.jar;C:\Users\guill\.m2\repository\org\junit\platform\junit-platform-engine\1.10.2\junit-platform-engine-1.10.2.jar;"/>
    <property name="sun.cpu.endian" value="little"/>
    <property name="user.home" value="C:\Users\guill"/>
    <property name="user.language" value="es"/>
    <property name="sun.stderr.encoding" value="UTF-8"/>
    <property name="java.specification.vendor" value="Oracle Corporation"/>
    <property name="java.version.date" value="2025-03-18"/>
    <property name="java.home" value="C:\Program Files\Java\jdk-24"/>
    <property name="file.separator" value="\"/>
    <property name="basedir" value="C:\Users\guill\OneDrive\Documentos\NetBeansProjects\asyncawaitjava"/>
    <property name="java.vm.compressedOopsMode" value="32-bit"/>
    <property name="sun.stdout.encoding" value="UTF-8"/>
    <property name="line.separator" value="&#10;"/>
    <property name="java.vm.specification.vendor" value="Oracle Corporation"/>
    <property name="java.specification.name" value="Java Platform API Specification"/>
    <property name="surefire.real.class.path" value="C:\Users\guill\AppData\Local\Temp\surefire8100871619449188133\surefirebooter-20250604214712191_3.jar"/>
    <property name="user.script" value=""/>
    <property name="sun.management.compiler" value="HotSpot 64-Bit Tiered Compilers"/>
    <property name="java.runtime.version" value="24+36-3646"/>
    <property name="user.name" value="guillermo"/>
    <property name="stdout.encoding" value="UTF-8"/>
    <property name="path.separator" value=";"/>
    <property name="os.version" value="10.0"/>
    <property name="java.runtime.name" value="Java(TM) SE Runtime Environment"/>
    <property name="file.encoding" value="UTF-8"/>
    <property name="java.vm.name" value="Java HotSpot(TM) 64-Bit Server VM"/>
    <property name="maven.ext.class.path" value="C:\Program Files\NetBeans-25\netbeans\java\maven-nblib\netbeans-eventspy.jar"/>
    <property name="localRepository" value="C:\Users\guill\.m2\repository"/>
    <property name="java.vendor.url.bug" value="https://bugreport.java.com/bugreport/"/>
    <property name="java.io.tmpdir" value="C:\Users\guill\AppData\Local\Temp\"/>
    <property name="java.version" value="24"/>
    <property name="user.dir" value="C:\Users\guill\OneDrive\Documentos\NetBeansProjects\asyncawaitjava"/>
    <property name="os.arch" value="amd64"/>
    <property name="java.vm.specification.name" value="Java Virtual Machine Specification"/>
    <property name="sun.os.patch.level" value=""/>
    <property name="console.encoding" value="UTF-8"/>
    <property name="native.encoding" value="Cp1252"/>
    <property name="java.library.path" value="C:\Program Files\Java\jdk-24\bin;C:\WINDOWS\Sun\Java\bin;C:\WINDOWS\system32;C:\WINDOWS;C:\app\guillermo\product\21c\dbhomeXE\bin;C:\Program Files\Common Files\Oracle\Java\javapath;C:\Python313\Scripts\;C:\Python313\;C:\ProgramData\Oracle\Java\javapath;D:\OracleDb\dbhomeXE\bin;C:\Program Files (x86)\VMware\VMware Workstation\bin\;C:\Program Files (x86)\Common Files\Oracle\Java\java8path;C:\Program Files (x86)\Common Files\Oracle\Java\javapath;D:\bin;C:\WINDOWS\system32;C:\WINDOWS;C:\WINDOWS\System32\Wbem;C:\WINDOWS\System32\WindowsPowerShell\v1.0\;C:\WINDOWS\System32\OpenSSH\;C:\Program Files (x86)\Microsoft SQL Server\160\Tools\Binn\;C:\Program Files\Microsoft SQL Server\160\Tools\Binn\;C:\Program Files\Microsoft SQL Server\Client SDK\ODBC\170\Tools\Binn\;C:\Program Files\Microsoft SQL Server\160\DTS\Binn\;C:\Program Files (x86)\Microsoft SQL Server\160\DTS\Binn\;C:\Program Files\Azure Data Studio\bin;D:\XAMPP\php;C:\Program Files\AutoFirma\AutoFirma;C:\Program Files (x86)\NVIDIA Corporation\PhysX\Common;C:\Program Files\MongoDB\Server\6.0\bin;C:\Program Files\Microsoft SQL Server\150\Tools\Binn\;C:\Program Files\dotnet\;C:\Program Files\AutoFirmaJA\AutoFirmaJA;C:\Program Files\FirefoxPWA\;D:\Git LFS;C:\ProgramData\chocolatey\bin;C:\Users\guill\OneDrive\Escritorio\librerias java\maven\apache-maven-3.9.9\bin;C:\Program Files\Java\jdk-24\bin;C:\Program Files\NVIDIA Corporation\NVIDIA app\NvDLISR;C:\Program Files\Apache\apache-maven-3.9.9\bin;D:\;C:\Program Files\Git LFS;C:\WINDOWS\system32;C:\WINDOWS;C:\WINDOWS\System32\Wbem;C:\WINDOWS\System32\WindowsPowerShell\v1.0\;C:\WINDOWS\System32\OpenSSH\;D:\Git\cmd;D:\Mongo DB\bin;C:\Program Files\Java\jdk-24\bin;C:\Users\guill\AppData\Local\Programs\Python\Launcher\;C:\Users\guill\AppData\Local\Microsoft\WindowsApps;C:\Program Files\Azure Data Studio\bin;D:\Microsoft VS Code\bin;C:\Users\guill\AppData\Local\GitHubDesktop\bin;C:\Users\guill\.dotnet\tools;D:\IntelliJ IDEA 2024.3.1.1\bin;;C:\Program Files\JetBrains\IntelliJ IDEA Community Edition 2024.3.2.2\bin;;C:\Users\guill\AppData\Roaming\npm;;."/>
    <property name="java.vm.info" value="mixed mode, sharing"/>
    <property name="stderr.encoding" value="UTF-8"/>
    <property name="java.vendor" value="Oracle Corporation"/>
    <property name="java.vm.version" value="24+36-3646"/>
    <property name="sun.io.unicode.encoding" value="UnicodeLittle"/>
    <property name="java.class.version" value="68.0"/>
    <property name="argLine" value="--enable-preview"/>
  </properties>
  <testcase name="testLongRunningTask" classname="com.example.company.asyncawaitjava.task.TaskManagerTest" time="3.094">
    <system-err><![CDATA[jun 04, 2025 9:47:16 P. M. com.example.company.asyncawaitjava.task.TaskManager processTaskCompletion
INFO: Procesando tarea: task=com.example.company.asyncawaitjava.task.Task@76908cc0, datos=LongData, isCancelled=false, isFailed=false
jun 04, 2025 9:47:16 P. M. com.example.company.asyncawaitjava.task.TaskManager cleanupTask
INFO: Limpiando tarea=com.example.company.asyncawaitjava.task.Task@76908cc0, datos=LongData
jun 04, 2025 9:47:16 P. M. com.example.company.asyncawaitjava.task.TaskManager awaitAll
INFO: Iniciando awaitAll, tareas activas=0, métricas={failedTasks=0, timedOutTasks=0, activeTasks=0, cancelledTasks=0, completedTasks=1}
jun 04, 2025 9:47:16 P. M. com.example.company.asyncawaitjava.task.TaskManager awaitAll
INFO: Finalizado awaitAll, tareas activas=0, métricas={failedTasks=0, timedOutTasks=0, activeTasks=0, cancelledTasks=0, completedTasks=1}
jun 04, 2025 9:47:16 P. M. com.example.company.asyncawaitjava.task.TaskManager shutdownExecutors
INFO: Ejecutor java.util.concurrent.ScheduledThreadPoolExecutor@363ee3a2[Terminated, pool size = 0, active threads = 0, queued tasks = 0, completed tasks = 1] cerrado exitosamente tras 1 intento(s)
jun 04, 2025 9:47:16 P. M. com.example.company.asyncawaitjava.task.TaskManager shutdownExecutors
INFO: Ejecutor java.util.concurrent.ThreadPoolExecutor@79b06cab[Terminated, pool size = 0, active threads = 0, queued tasks = 0, completed tasks = 2] cerrado exitosamente tras 1 intento(s)
jun 04, 2025 9:47:16 P. M. com.example.company.asyncawaitjava.task.TaskManager shutdownExecutors
INFO: Ejecutor java.util.concurrent.ThreadPoolExecutor@1622f1b[Terminated, pool size = 0, active threads = 0, queued tasks = 0, completed tasks = 0] cerrado exitosamente tras 1 intento(s)
jun 04, 2025 9:47:16 P. M. com.example.company.asyncawaitjava.task.TaskManager close
INFO: TaskManager cerrado, tareas activas: 0, completadas: 1, canceladas: 0, fallidas: 0, timedOut: 0
]]></system-err>
  </testcase>
  <testcase name="testAddDependentTasksSuccess" classname="com.example.company.asyncawaitjava.task.TaskManagerTest" time="0.032">
    <system-err><![CDATA[jun 04, 2025 9:47:16 P. M. com.example.company.asyncawaitjava.task.TaskManagerTest lambda$testAddDependentTasksSuccess$1
INFO: Ejecutando Tarea1
jun 04, 2025 9:47:16 P. M. com.example.company.asyncawaitjava.task.TaskManagerTest lambda$testAddDependentTasksSuccess$2
INFO: Ejecutando Tarea2
jun 04, 2025 9:47:16 P. M. com.example.company.asyncawaitjava.task.TaskManager processTaskCompletion
INFO: Procesando tarea: task=com.example.company.asyncawaitjava.task.Task@56620197, datos=mi1-archivo.txt, isCancelled=false, isFailed=false
jun 04, 2025 9:47:16 P. M. com.example.company.asyncawaitjava.task.TaskManagerTest lambda$testAddDependentTasksSuccess$3
INFO: Ejecutando Tarea3
jun 04, 2025 9:47:16 P. M. com.example.company.asyncawaitjava.task.TaskManager cleanupTask
INFO: Limpiando tarea=com.example.company.asyncawaitjava.task.Task@56620197, datos=mi1-archivo.txt
jun 04, 2025 9:47:16 P. M. com.example.company.asyncawaitjava.task.TaskManager processTaskCompletion
INFO: Procesando tarea: task=com.example.company.asyncawaitjava.task.Task@333291e3, datos=mi1-archivo.txt, isCancelled=false, isFailed=false
jun 04, 2025 9:47:16 P. M. com.example.company.asyncawaitjava.task.TaskManager cleanupTask
INFO: Limpiando tarea=com.example.company.asyncawaitjava.task.Task@333291e3, datos=mi1-archivo.txt
jun 04, 2025 9:47:16 P. M. com.example.company.asyncawaitjava.task.TaskManager addDependentTasks
INFO: Programadas 3 tareas dependientes: data=mi1-archivo.txt, priority=1
jun 04, 2025 9:47:16 P. M. com.example.company.asyncawaitjava.task.TaskManager processTaskCompletion
INFO: Procesando tarea: task=com.example.company.asyncawaitjava.task.Task@795cd85e, datos=mi1-archivo.txt, isCancelled=false, isFailed=false
jun 04, 2025 9:47:16 P. M. com.example.company.asyncawaitjava.task.TaskManager cleanupTask
INFO: Limpiando tarea=com.example.company.asyncawaitjava.task.Task@795cd85e, datos=mi1-archivo.txt
jun 04, 2025 9:47:16 P. M. com.example.company.asyncawaitjava.task.TaskManager awaitAll
INFO: Iniciando awaitAll, tareas activas=0, métricas={failedTasks=0, timedOutTasks=0, activeTasks=0, cancelledTasks=0, completedTasks=3}
jun 04, 2025 9:47:16 P. M. com.example.company.asyncawaitjava.task.TaskManager awaitAll
INFO: Finalizado awaitAll, tareas activas=0, métricas={failedTasks=0, timedOutTasks=0, activeTasks=0, cancelledTasks=0, completedTasks=3}
jun 04, 2025 9:47:16 P. M. com.example.company.asyncawaitjava.task.TaskManager shutdownExecutors
INFO: Ejecutor java.util.concurrent.ScheduledThreadPoolExecutor@7722c3c3[Terminated, pool size = 0, active threads = 0, queued tasks = 0, completed tasks = 3] cerrado exitosamente tras 1 intento(s)
jun 04, 2025 9:47:16 P. M. com.example.company.asyncawaitjava.task.TaskManager shutdownExecutors
INFO: Ejecutor java.util.concurrent.ThreadPoolExecutor@243c4f91[Terminated, pool size = 0, active threads = 0, queued tasks = 0, completed tasks = 6] cerrado exitosamente tras 1 intento(s)
jun 04, 2025 9:47:16 P. M. com.example.company.asyncawaitjava.task.TaskManager shutdownExecutors
INFO: Ejecutor java.util.concurrent.ThreadPoolExecutor@123ef382[Terminated, pool size = 0, active threads = 0, queued tasks = 0, completed tasks = 0] cerrado exitosamente tras 1 intento(s)
jun 04, 2025 9:47:16 P. M. com.example.company.asyncawaitjava.task.TaskManager close
INFO: TaskManager cerrado, tareas activas: 0, completadas: 3, canceladas: 0, fallidas: 0, timedOut: 0
]]></system-err>
  </testcase>
  <testcase name="testAddDependentTasksFailure" classname="com.example.company.asyncawaitjava.task.TaskManagerTest" time="0.028">
    <system-err><![CDATA[jun 04, 2025 9:47:16 P. M. com.example.company.asyncawaitjava.task.TaskManagerTest lambda$testAddDependentTasksFailure$1
INFO: Ejecutando Tarea1
jun 04, 2025 9:47:16 P. M. com.example.company.asyncawaitjava.task.TaskManagerTest lambda$testAddDependentTasksFailure$2
INFO: Ejecutando Tarea2
jun 04, 2025 9:47:16 P. M. com.example.company.asyncawaitjava.task.TaskManager$1RetryAttempt attempt
WARNING: Error tras 1 intentos, reintentos=0: Error ejecutando paso en tarea dependiente: mi2-archivo.txt
jun 04, 2025 9:47:16 P. M. com.example.company.asyncawaitjava.task.TaskManager processTaskCompletion
INFO: Procesando tarea: task=com.example.company.asyncawaitjava.task.Task@32eff876, datos=mi2-archivo.txt, isCancelled=false, isFailed=false
jun 04, 2025 9:47:16 P. M. com.example.company.asyncawaitjava.task.TaskManagerTest lambda$testAddDependentTasksFailure$3
INFO: Ejecutando Tarea3
jun 04, 2025 9:47:16 P. M. com.example.company.asyncawaitjava.task.TaskManager cleanupTask
INFO: Limpiando tarea=com.example.company.asyncawaitjava.task.Task@32eff876, datos=mi2-archivo.txt
jun 04, 2025 9:47:16 P. M. com.example.company.asyncawaitjava.task.Task lambda$execute$1
WARNING: Task execution failed: com.example.company.asyncawaitjava.task.Task$TaskException: Error ejecutando la tarea tras 1 intentos
jun 04, 2025 9:47:16 P. M. com.example.company.asyncawaitjava.task.TaskManager addDependentTasks
INFO: Programadas 3 tareas dependientes: data=mi2-archivo.txt, priority=1
jun 04, 2025 9:47:16 P. M. com.example.company.asyncawaitjava.task.TaskManager processTaskCompletion
INFO: Procesando tarea: task=com.example.company.asyncawaitjava.task.Task@3ce1e309, datos=mi2-archivo.txt, isCancelled=false, isFailed=true
jun 04, 2025 9:47:16 P. M. com.example.company.asyncawaitjava.task.Task cancel
INFO: Task cancellation: task=com.example.company.asyncawaitjava.task.Task@47af7f3d, cancelled=false
jun 04, 2025 9:47:16 P. M. com.example.company.asyncawaitjava.task.TaskManager cleanupTask
INFO: Limpiando tarea=com.example.company.asyncawaitjava.task.Task@47af7f3d, datos=mi2-archivo.txt
jun 04, 2025 9:47:16 P. M. com.example.company.asyncawaitjava.task.TaskManager cancelTask
INFO: Cancelación de tarea exitosa: tarea=com.example.company.asyncawaitjava.task.Task@47af7f3d, datos=mi2-archivo.txt, autoCancel=false, métricas={failedTasks=1, timedOutTasks=0, activeTasks=0, cancelledTasks=1, completedTasks=1}
jun 04, 2025 9:47:16 P. M. com.example.company.asyncawaitjava.task.TaskManager cleanupTask
INFO: Limpiando tarea=com.example.company.asyncawaitjava.task.Task@3ce1e309, datos=mi2-archivo.txt
jun 04, 2025 9:47:16 P. M. com.example.company.asyncawaitjava.task.TaskManager awaitAll
INFO: Iniciando awaitAll, tareas activas=0, métricas={failedTasks=1, timedOutTasks=0, activeTasks=0, cancelledTasks=1, completedTasks=1}
jun 04, 2025 9:47:16 P. M. com.example.company.asyncawaitjava.task.TaskManager awaitAll
INFO: Finalizado awaitAll, tareas activas=0, métricas={failedTasks=1, timedOutTasks=0, activeTasks=0, cancelledTasks=1, completedTasks=1}
jun 04, 2025 9:47:16 P. M. com.example.company.asyncawaitjava.task.TaskManager shutdownExecutors
INFO: Ejecutor java.util.concurrent.ScheduledThreadPoolExecutor@14dd9eb7[Terminated, pool size = 0, active threads = 0, queued tasks = 0, completed tasks = 3] cerrado exitosamente tras 1 intento(s)
jun 04, 2025 9:47:16 P. M. com.example.company.asyncawaitjava.task.TaskManager shutdownExecutors
INFO: Ejecutor java.util.concurrent.ThreadPoolExecutor@6c80d78a[Terminated, pool size = 0, active threads = 0, queued tasks = 0, completed tasks = 6] cerrado exitosamente tras 1 intento(s)
jun 04, 2025 9:47:16 P. M. com.example.company.asyncawaitjava.task.TaskManager shutdownExecutors
INFO: Ejecutor java.util.concurrent.ThreadPoolExecutor@661972b0[Terminated, pool size = 0, active threads = 0, queued tasks = 0, completed tasks = 0] cerrado exitosamente tras 1 intento(s)
jun 04, 2025 9:47:16 P. M. com.example.company.asyncawaitjava.task.TaskManager close
INFO: TaskManager cerrado, tareas activas: 0, completadas: 1, canceladas: 1, fallidas: 1, timedOut: 0
]]></system-err>
  </testcase>
  <testcase name="testScheduleTaskSuccess" classname="com.example.company.asyncawaitjava.task.TaskManagerTest" time="0.023">
    <system-err><![CDATA[jun 04, 2025 9:47:16 P. M. com.example.company.asyncawaitjava.task.TaskManager processTaskCompletion
INFO: Procesando tarea: task=com.example.company.asyncawaitjava.task.Task@4fb61f4a, datos=TestData, isCancelled=false, isFailed=false
jun 04, 2025 9:47:16 P. M. com.example.company.asyncawaitjava.task.TaskManager cleanupTask
INFO: Limpiando tarea=com.example.company.asyncawaitjava.task.Task@4fb61f4a, datos=TestData
jun 04, 2025 9:47:16 P. M. com.example.company.asyncawaitjava.task.TaskManager awaitAll
INFO: Iniciando awaitAll, tareas activas=0, métricas={failedTasks=0, timedOutTasks=0, activeTasks=0, cancelledTasks=0, completedTasks=1}
jun 04, 2025 9:47:16 P. M. com.example.company.asyncawaitjava.task.TaskManager awaitAll
INFO: Finalizado awaitAll, tareas activas=0, métricas={failedTasks=0, timedOutTasks=0, activeTasks=0, cancelledTasks=0, completedTasks=1}
jun 04, 2025 9:47:16 P. M. com.example.company.asyncawaitjava.task.TaskManager shutdownExecutors
INFO: Ejecutor java.util.concurrent.ScheduledThreadPoolExecutor@4f18837a[Terminated, pool size = 0, active threads = 0, queued tasks = 0, completed tasks = 1] cerrado exitosamente tras 1 intento(s)
jun 04, 2025 9:47:16 P. M. com.example.company.asyncawaitjava.task.TaskManager shutdownExecutors
INFO: Ejecutor java.util.concurrent.ThreadPoolExecutor@1fa268de[Terminated, pool size = 0, active threads = 0, queued tasks = 0, completed tasks = 2] cerrado exitosamente tras 1 intento(s)
jun 04, 2025 9:47:16 P. M. com.example.company.asyncawaitjava.task.TaskManager shutdownExecutors
INFO: Ejecutor java.util.concurrent.ThreadPoolExecutor@7b9a4292[Terminated, pool size = 0, active threads = 0, queued tasks = 0, completed tasks = 0] cerrado exitosamente tras 1 intento(s)
jun 04, 2025 9:47:16 P. M. com.example.company.asyncawaitjava.task.TaskManager close
INFO: TaskManager cerrado, tareas activas: 0, completadas: 1, canceladas: 0, fallidas: 0, timedOut: 0
]]></system-err>
  </testcase>
  <testcase name="testRetries" classname="com.example.company.asyncawaitjava.task.TaskManagerTest" time="0.318">
    <system-err><![CDATA[jun 04, 2025 9:47:16 P. M. com.example.company.asyncawaitjava.task.TaskManager$1RetryAttempt attempt
WARNING: Error tras 3 intentos, reintentos=2: Fallo intencional
jun 04, 2025 9:47:16 P. M. com.example.company.asyncawaitjava.task.Task lambda$execute$1
WARNING: Task execution failed: com.example.company.asyncawaitjava.task.Task$TaskException: Error ejecutando la tarea tras 3 intentos
jun 04, 2025 9:47:16 P. M. com.example.company.asyncawaitjava.task.TaskManager processTaskCompletion
INFO: Procesando tarea: task=com.example.company.asyncawaitjava.task.Task@52bf72b5, datos=RetryData, isCancelled=false, isFailed=true
jun 04, 2025 9:47:16 P. M. com.example.company.asyncawaitjava.task.TaskManager cleanupTask
INFO: Limpiando tarea=com.example.company.asyncawaitjava.task.Task@52bf72b5, datos=RetryData
jun 04, 2025 9:47:16 P. M. com.example.company.asyncawaitjava.task.TaskManager awaitAll
INFO: Iniciando awaitAll, tareas activas=0, métricas={failedTasks=1, timedOutTasks=0, activeTasks=0, cancelledTasks=0, completedTasks=0}
jun 04, 2025 9:47:16 P. M. com.example.company.asyncawaitjava.task.TaskManager awaitAll
INFO: Finalizado awaitAll, tareas activas=0, métricas={failedTasks=1, timedOutTasks=0, activeTasks=0, cancelledTasks=0, completedTasks=0}
jun 04, 2025 9:47:16 P. M. com.example.company.asyncawaitjava.task.TaskManager shutdownExecutors
INFO: Ejecutor java.util.concurrent.ScheduledThreadPoolExecutor@59309333[Terminated, pool size = 0, active threads = 0, queued tasks = 0, completed tasks = 3] cerrado exitosamente tras 1 intento(s)
jun 04, 2025 9:47:16 P. M. com.example.company.asyncawaitjava.task.TaskManager shutdownExecutors
INFO: Ejecutor java.util.concurrent.ThreadPoolExecutor@7ec7ffd3[Terminated, pool size = 0, active threads = 0, queued tasks = 0, completed tasks = 2] cerrado exitosamente tras 1 intento(s)
jun 04, 2025 9:47:16 P. M. com.example.company.asyncawaitjava.task.TaskManager shutdownExecutors
INFO: Ejecutor java.util.concurrent.ThreadPoolExecutor@dd8ba08[Terminated, pool size = 0, active threads = 0, queued tasks = 0, completed tasks = 0] cerrado exitosamente tras 1 intento(s)
jun 04, 2025 9:47:16 P. M. com.example.company.asyncawaitjava.task.TaskManager close
INFO: TaskManager cerrado, tareas activas: 0, completadas: 0, canceladas: 0, fallidas: 1, timedOut: 0
]]></system-err>
  </testcase>
  <testcase name="testAbruptClose" classname="com.example.company.asyncawaitjava.task.TaskManagerTest" time="5.01">
    <system-err><![CDATA[jun 04, 2025 9:47:17 P. M. com.example.company.asyncawaitjava.task.Task cancel
INFO: Task cancellation: task=com.example.company.asyncawaitjava.task.Task@7e07db1f, cancelled=true
jun 04, 2025 9:47:17 P. M. com.example.company.asyncawaitjava.task.Task cancel
INFO: Interrupted task thread: TaskManager-Executor-1
jun 04, 2025 9:47:17 P. M. com.example.company.asyncawaitjava.task.TaskManager executeWithRetries
WARNING: Interrumpido durante la ejecución de la tarea, reintentos=0
jun 04, 2025 9:47:17 P. M. com.example.company.asyncawaitjava.task.Task lambda$execute$1
WARNING: Task execution failed: com.example.company.asyncawaitjava.task.Task$TaskException: Interrumpido durante la ejecución de la tarea
jun 04, 2025 9:47:21 P. M. com.example.company.asyncawaitjava.task.TaskManager shutdownExecutors
INFO: Ejecutor java.util.concurrent.ScheduledThreadPoolExecutor@72d1ad2e[Terminated, pool size = 0, active threads = 0, queued tasks = 0, completed tasks = 1] cerrado exitosamente tras 1 intento(s)
jun 04, 2025 9:47:21 P. M. com.example.company.asyncawaitjava.task.TaskManager shutdownExecutors
INFO: Ejecutor java.util.concurrent.ThreadPoolExecutor@399f45b1[Terminated, pool size = 0, active threads = 0, queued tasks = 0, completed tasks = 2] cerrado exitosamente tras 1 intento(s)
jun 04, 2025 9:47:21 P. M. com.example.company.asyncawaitjava.task.TaskManager shutdownExecutors
INFO: Ejecutor java.util.concurrent.ThreadPoolExecutor@478190fc[Terminated, pool size = 0, active threads = 0, queued tasks = 0, completed tasks = 1] cerrado exitosamente tras 1 intento(s)
jun 04, 2025 9:47:21 P. M. com.example.company.asyncawaitjava.task.TaskManager close
INFO: TaskManager cerrado, tareas activas: 0, completadas: 0, canceladas: 1, fallidas: 0, timedOut: 0
]]></system-err>
  </testcase>
  <testcase name="testConcurrentTasksWithPriorities" classname="com.example.company.asyncawaitjava.task.TaskManagerTest" time="0.048">
    <system-err><![CDATA[jun 04, 2025 9:47:21 P. M. com.example.company.asyncawaitjava.task.TaskManager processTaskCompletion
INFO: Procesando tarea: task=com.example.company.asyncawaitjava.task.Task@6adbc9d, datos=Data0, isCancelled=false, isFailed=false
jun 04, 2025 9:47:21 P. M. com.example.company.asyncawaitjava.task.TaskManager cleanupTask
INFO: Limpiando tarea=com.example.company.asyncawaitjava.task.Task@6adbc9d, datos=Data0
jun 04, 2025 9:47:21 P. M. com.example.company.asyncawaitjava.task.TaskManager processTaskCompletion
INFO: Procesando tarea: task=com.example.company.asyncawaitjava.task.Task@49139829, datos=Data1, isCancelled=false, isFailed=false
jun 04, 2025 9:47:21 P. M. com.example.company.asyncawaitjava.task.TaskManager cleanupTask
INFO: Limpiando tarea=com.example.company.asyncawaitjava.task.Task@49139829, datos=Data1
jun 04, 2025 9:47:21 P. M. com.example.company.asyncawaitjava.task.TaskManager processTaskCompletion
INFO: Procesando tarea: task=com.example.company.asyncawaitjava.task.Task@1b7cc17c, datos=Data2, isCancelled=false, isFailed=false
jun 04, 2025 9:47:21 P. M. com.example.company.asyncawaitjava.task.TaskManager cleanupTask
INFO: Limpiando tarea=com.example.company.asyncawaitjava.task.Task@1b7cc17c, datos=Data2
jun 04, 2025 9:47:21 P. M. com.example.company.asyncawaitjava.task.TaskManager processTaskCompletion
INFO: Procesando tarea: task=com.example.company.asyncawaitjava.task.Task@67c27493, datos=Data3, isCancelled=false, isFailed=false
jun 04, 2025 9:47:21 P. M. com.example.company.asyncawaitjava.task.TaskManager cleanupTask
INFO: Limpiando tarea=com.example.company.asyncawaitjava.task.Task@67c27493, datos=Data3
jun 04, 2025 9:47:21 P. M. com.example.company.asyncawaitjava.task.TaskManager processTaskCompletion
INFO: Procesando tarea: task=com.example.company.asyncawaitjava.task.Task@5b8dfcc1, datos=Data4, isCancelled=false, isFailed=false
jun 04, 2025 9:47:21 P. M. com.example.company.asyncawaitjava.task.TaskManager cleanupTask
INFO: Limpiando tarea=com.example.company.asyncawaitjava.task.Task@5b8dfcc1, datos=Data4
jun 04, 2025 9:47:21 P. M. com.example.company.asyncawaitjava.task.TaskManager processTaskCompletion
INFO: Procesando tarea: task=com.example.company.asyncawaitjava.task.Task@35e2d654, datos=Data5, isCancelled=false, isFailed=false
jun 04, 2025 9:47:21 P. M. com.example.company.asyncawaitjava.task.TaskManager cleanupTask
INFO: Limpiando tarea=com.example.company.asyncawaitjava.task.Task@35e2d654, datos=Data5
jun 04, 2025 9:47:21 P. M. com.example.company.asyncawaitjava.task.TaskManager processTaskCompletion
INFO: Procesando tarea: task=com.example.company.asyncawaitjava.task.Task@4f83df68, datos=Data6, isCancelled=false, isFailed=false
jun 04, 2025 9:47:21 P. M. com.example.company.asyncawaitjava.task.TaskManager cleanupTask
INFO: Limpiando tarea=com.example.company.asyncawaitjava.task.Task@4f83df68, datos=Data6
jun 04, 2025 9:47:21 P. M. com.example.company.asyncawaitjava.task.TaskManager processTaskCompletion
INFO: Procesando tarea: task=com.example.company.asyncawaitjava.task.Task@130d63be, datos=Data7, isCancelled=false, isFailed=false
jun 04, 2025 9:47:21 P. M. com.example.company.asyncawaitjava.task.TaskManager cleanupTask
INFO: Limpiando tarea=com.example.company.asyncawaitjava.task.Task@130d63be, datos=Data7
jun 04, 2025 9:47:21 P. M. com.example.company.asyncawaitjava.task.TaskManager processTaskCompletion
INFO: Procesando tarea: task=com.example.company.asyncawaitjava.task.Task@6aeb35e6, datos=Data8, isCancelled=false, isFailed=false
jun 04, 2025 9:47:21 P. M. com.example.company.asyncawaitjava.task.TaskManager cleanupTask
INFO: Limpiando tarea=com.example.company.asyncawaitjava.task.Task@6aeb35e6, datos=Data8
jun 04, 2025 9:47:21 P. M. com.example.company.asyncawaitjava.task.TaskManager processTaskCompletion
INFO: Procesando tarea: task=com.example.company.asyncawaitjava.task.Task@74f0ea28, datos=Data9, isCancelled=false, isFailed=false
jun 04, 2025 9:47:21 P. M. com.example.company.asyncawaitjava.task.TaskManager cleanupTask
INFO: Limpiando tarea=com.example.company.asyncawaitjava.task.Task@74f0ea28, datos=Data9
jun 04, 2025 9:47:21 P. M. com.example.company.asyncawaitjava.task.TaskManager awaitAll
INFO: Iniciando awaitAll, tareas activas=0, métricas={failedTasks=0, timedOutTasks=0, activeTasks=0, cancelledTasks=0, completedTasks=10}
jun 04, 2025 9:47:21 P. M. com.example.company.asyncawaitjava.task.TaskManager awaitAll
INFO: Finalizado awaitAll, tareas activas=0, métricas={failedTasks=0, timedOutTasks=0, activeTasks=0, cancelledTasks=0, completedTasks=10}
jun 04, 2025 9:47:21 P. M. com.example.company.asyncawaitjava.task.TaskManager shutdownExecutors
INFO: Ejecutor java.util.concurrent.ScheduledThreadPoolExecutor@131774fe[Terminated, pool size = 0, active threads = 0, queued tasks = 0, completed tasks = 10] cerrado exitosamente tras 1 intento(s)
jun 04, 2025 9:47:21 P. M. com.example.company.asyncawaitjava.task.TaskManager shutdownExecutors
INFO: Ejecutor java.util.concurrent.ThreadPoolExecutor@77847718[Terminated, pool size = 0, active threads = 0, queued tasks = 0, completed tasks = 20] cerrado exitosamente tras 1 intento(s)
jun 04, 2025 9:47:21 P. M. com.example.company.asyncawaitjava.task.TaskManager shutdownExecutors
INFO: Ejecutor java.util.concurrent.ThreadPoolExecutor@3c19aaa5[Terminated, pool size = 0, active threads = 0, queued tasks = 0, completed tasks = 0] cerrado exitosamente tras 1 intento(s)
jun 04, 2025 9:47:21 P. M. com.example.company.asyncawaitjava.task.TaskManager close
INFO: TaskManager cerrado, tareas activas: 0, completadas: 10, canceladas: 0, fallidas: 0, timedOut: 0
]]></system-err>
  </testcase>
  <testcase name="testCancelTask" classname="com.example.company.asyncawaitjava.task.TaskManagerTest" time="2.008">
    <system-err><![CDATA[jun 04, 2025 9:47:21 P. M. com.example.company.asyncawaitjava.task.Task cancel
INFO: Task cancellation: task=com.example.company.asyncawaitjava.task.Task@2a65fe7c, cancelled=true
jun 04, 2025 9:47:21 P. M. com.example.company.asyncawaitjava.task.Task cancel
INFO: Interrupted task thread: TaskManager-Executor-1
jun 04, 2025 9:47:21 P. M. com.example.company.asyncawaitjava.task.TaskManager executeWithRetries
WARNING: Interrumpido durante la ejecución de la tarea, reintentos=0
jun 04, 2025 9:47:21 P. M. com.example.company.asyncawaitjava.task.Task lambda$execute$1
WARNING: Task execution failed: com.example.company.asyncawaitjava.task.Task$TaskException: Interrumpido durante la ejecución de la tarea
jun 04, 2025 9:47:21 P. M. com.example.company.asyncawaitjava.task.TaskManager cleanupTask
INFO: Limpiando tarea=com.example.company.asyncawaitjava.task.Task@2a65fe7c, datos=CancelManual
jun 04, 2025 9:47:21 P. M. com.example.company.asyncawaitjava.task.TaskManager cancelTask
INFO: Cancelación de tarea exitosa: tarea=com.example.company.asyncawaitjava.task.Task@2a65fe7c, datos=CancelManualCallback, autoCancel=false, métricas={failedTasks=0, timedOutTasks=0, activeTasks=0, cancelledTasks=1, completedTasks=0}
jun 04, 2025 9:47:21 P. M. com.example.company.asyncawaitjava.task.TaskManager awaitAll
INFO: Iniciando awaitAll, tareas activas=0, métricas={failedTasks=0, timedOutTasks=0, activeTasks=0, cancelledTasks=1, completedTasks=0}
jun 04, 2025 9:47:21 P. M. com.example.company.asyncawaitjava.task.TaskManager awaitAll
INFO: Finalizado awaitAll, tareas activas=0, métricas={failedTasks=0, timedOutTasks=0, activeTasks=0, cancelledTasks=1, completedTasks=0}
jun 04, 2025 9:47:23 P. M. com.example.company.asyncawaitjava.task.TaskManager shutdownExecutors
INFO: Ejecutor java.util.concurrent.ScheduledThreadPoolExecutor@689604d9[Terminated, pool size = 0, active threads = 0, queued tasks = 0, completed tasks = 1] cerrado exitosamente tras 1 intento(s)
jun 04, 2025 9:47:23 P. M. com.example.company.asyncawaitjava.task.TaskManager shutdownExecutors
INFO: Ejecutor java.util.concurrent.ThreadPoolExecutor@799f10e1[Terminated, pool size = 0, active threads = 0, queued tasks = 0, completed tasks = 2] cerrado exitosamente tras 1 intento(s)
jun 04, 2025 9:47:23 P. M. com.example.company.asyncawaitjava.task.TaskManager shutdownExecutors
INFO: Ejecutor java.util.concurrent.ThreadPoolExecutor@2a4fb17b[Terminated, pool size = 0, active threads = 0, queued tasks = 0, completed tasks = 0] cerrado exitosamente tras 1 intento(s)
jun 04, 2025 9:47:23 P. M. com.example.company.asyncawaitjava.task.TaskManager close
INFO: TaskManager cerrado, tareas activas: 0, completadas: 0, canceladas: 1, fallidas: 0, timedOut: 0
]]></system-err>
  </testcase>
  <testcase name="testAutoCancelLastDependentTask" classname="com.example.company.asyncawaitjava.task.TaskManagerTest" time="2.016">
    <system-err><![CDATA[jun 04, 2025 9:47:23 P. M. com.example.company.asyncawaitjava.task.TaskManagerTest lambda$testAutoCancelLastDependentTask$1
INFO: Ejecutando Tarea1
jun 04, 2025 9:47:23 P. M. com.example.company.asyncawaitjava.task.TaskManagerTest lambda$testAutoCancelLastDependentTask$2
INFO: Ejecutando Tarea2
jun 04, 2025 9:47:23 P. M. com.example.company.asyncawaitjava.task.TaskManager processTaskCompletion
INFO: Procesando tarea: task=com.example.company.asyncawaitjava.task.Task@3270d194, datos=mi3-archivo.txt, isCancelled=false, isFailed=false
jun 04, 2025 9:47:23 P. M. com.example.company.asyncawaitjava.task.TaskManager addDependentTasks
INFO: Programadas 2 tareas dependientes: data=mi3-archivo.txt, priority=0
jun 04, 2025 9:47:23 P. M. com.example.company.asyncawaitjava.task.TaskManager cleanupTask
INFO: Limpiando tarea=com.example.company.asyncawaitjava.task.Task@3270d194, datos=mi3-archivo.txt
jun 04, 2025 9:47:24 P. M. com.example.company.asyncawaitjava.task.Task cancel
INFO: Task cancellation: task=com.example.company.asyncawaitjava.task.Task@76505305, cancelled=true
jun 04, 2025 9:47:24 P. M. com.example.company.asyncawaitjava.task.Task cancel
INFO: Interrupted task thread: TaskManager-Executor-2
jun 04, 2025 9:47:24 P. M. com.example.company.asyncawaitjava.task.TaskManager executeWithRetries
WARNING: Interrumpido durante la ejecución de la tarea, reintentos=0
jun 04, 2025 9:47:24 P. M. com.example.company.asyncawaitjava.task.Task lambda$execute$1
WARNING: Task execution failed: com.example.company.asyncawaitjava.task.Task$TaskException: Interrumpido durante la ejecución de la tarea
jun 04, 2025 9:47:24 P. M. com.example.company.asyncawaitjava.task.TaskManager cleanupTask
INFO: Limpiando tarea=com.example.company.asyncawaitjava.task.Task@76505305, datos=mi3-archivo.txt
jun 04, 2025 9:47:24 P. M. com.example.company.asyncawaitjava.task.TaskManager cancelTask
INFO: Cancelación de tarea exitosa: tarea=com.example.company.asyncawaitjava.task.Task@76505305, datos=mi3-archivo.txt, autoCancel=true, métricas={failedTasks=0, timedOutTasks=0, activeTasks=0, cancelledTasks=1, completedTasks=1}
jun 04, 2025 9:47:24 P. M. com.example.company.asyncawaitjava.task.TaskManager awaitAll
INFO: Iniciando awaitAll, tareas activas=0, métricas={failedTasks=0, timedOutTasks=0, activeTasks=0, cancelledTasks=1, completedTasks=1}
jun 04, 2025 9:47:24 P. M. com.example.company.asyncawaitjava.task.TaskManager awaitAll
INFO: Finalizado awaitAll, tareas activas=0, métricas={failedTasks=0, timedOutTasks=0, activeTasks=0, cancelledTasks=1, completedTasks=1}
jun 04, 2025 9:47:25 P. M. com.example.company.asyncawaitjava.task.TaskManager shutdownExecutors
INFO: Ejecutor java.util.concurrent.ScheduledThreadPoolExecutor@4c583ecf[Terminated, pool size = 0, active threads = 0, queued tasks = 0, completed tasks = 3] cerrado exitosamente tras 1 intento(s)
jun 04, 2025 9:47:25 P. M. com.example.company.asyncawaitjava.task.TaskManager shutdownExecutors
INFO: Ejecutor java.util.concurrent.ThreadPoolExecutor@48f2bd5b[Terminated, pool size = 0, active threads = 0, queued tasks = 0, completed tasks = 4] cerrado exitosamente tras 1 intento(s)
jun 04, 2025 9:47:25 P. M. com.example.company.asyncawaitjava.task.TaskManager shutdownExecutors
INFO: Ejecutor java.util.concurrent.ThreadPoolExecutor@4802796d[Terminated, pool size = 0, active threads = 0, queued tasks = 0, completed tasks = 0] cerrado exitosamente tras 1 intento(s)
jun 04, 2025 9:47:25 P. M. com.example.company.asyncawaitjava.task.TaskManager close
INFO: TaskManager cerrado, tareas activas: 0, completadas: 1, canceladas: 1, fallidas: 0, timedOut: 0
]]></system-err>
  </testcase>
</testsuite>